<?xml version="1.0" encoding="UTF-8"?>
<!-- Generated by org.testng.reporters.JUnitReportReporter -->
<testsuite hostname="DESKTOP-HPCIQ41" name="TestNg.TestAttributes" tests="6" failures="0" timestamp="24 Jun 2022 14:25:46 GMT" time="0.027" errors="0">
  <testcase name="a" time="0.019" classname="TestNg.TestAttributes"/>
  <testcase name="h" time="0.002" classname="TestNg.TestAttributes"/>
  <testcase name="h" time="0.002" classname="TestNg.TestAttributes"/>
  <testcase name="f" time="0.001" classname="TestNg.TestAttributes"/>
  <testcase name="h" time="0.001" classname="TestNg.TestAttributes"/>
  <testcase name="h" time="0.002" classname="TestNg.TestAttributes"/>
</testsuite> <!-- TestNg.TestAttributes -->
