<?xml version="1.0" encoding="UTF-8"?>
<!-- Generated by org.testng.reporters.JUnitReportReporter -->
<testsuite hostname="DESKTOP-HPCIQ41" name="TestNg.Executionorder" tests="3" failures="0" timestamp="24 Jun 2022 11:46:45 GMT" time="0.015" errors="0">
  <testcase name="f3" time="0.004" classname="TestNg.Executionorder"/>
  <testcase name="f1" time="0.008" classname="TestNg.Executionorder"/>
  <testcase name="f2" time="0.003" classname="TestNg.Executionorder"/>
</testsuite> <!-- TestNg.Executionorder -->
