<?xml version="1.0" encoding="UTF-8"?>
<!-- Generated by org.testng.reporters.JUnitReportReporter -->
<testsuite hostname="DESKTOP-HPCIQ41" name="TestNg.NewTestgrouping" tests="5" failures="0" timestamp="24 Jun 2022 18:14:10 GMT" time="0.054" errors="0">
  <testcase name="g5" time="0.003" classname="TestNg.NewTestgrouping"/>
  <testcase name="g3" time="0.004" classname="TestNg.NewTestgrouping"/>
  <testcase name="g1" time="0.040" classname="TestNg.NewTestgrouping"/>
  <testcase name="g2" time="0.003" classname="TestNg.NewTestgrouping"/>
  <testcase name="g4" time="0.004" classname="TestNg.NewTestgrouping"/>
</testsuite> <!-- TestNg.NewTestgrouping -->
