<?xml version="1.0" encoding="UTF-8"?>
<!-- Generated by org.testng.reporters.JUnitReportReporter -->
<testsuite hostname="DESKTOP-HPCIQ41" name="TestNg.TestAnnotation" tests="3" failures="0" timestamp="24 Jun 2022 10:33:04 GMT" time="0.010" errors="0">
  <testcase name="f3" time="0.002" classname="TestNg.TestAnnotation"/>
  <testcase name="f1" time="0.005" classname="TestNg.TestAnnotation"/>
  <testcase name="f2" time="0.003" classname="TestNg.TestAnnotation"/>
</testsuite> <!-- TestNg.TestAnnotation -->
