<?xml version="1.0" encoding="UTF-8"?>
<!-- Generated by org.testng.reporters.JUnitReportReporter -->
<testsuite hostname="DESKTOP-HPCIQ41" name="TestNg.Testfaacebookwithdependency" tests="2" failures="0" timestamp="24 Jun 2022 13:51:21 GMT" time="68.972" errors="0">
  <testcase name="logintofacebook" time="17.523" classname="TestNg.Testfaacebookwithdependency"/>
  <testcase name="openbrowser" time="51.449" classname="TestNg.Testfaacebookwithdependency"/>
</testsuite> <!-- TestNg.Testfaacebookwithdependency -->
